0 info it worked if it ends with ok
1 verbose cli [ 'C:\\Program Files\\nodejs\\node.exe',
1 verbose cli   'C:\\Program Files\\nodejs\\node_modules\\npm\\bin\\npm-cli.js',
1 verbose cli   'run',
1 verbose cli   'lint' ]
2 info using npm@3.10.8
3 info using node@v7.0.0
4 verbose run-script [ 'prelint', 'lint', 'postlint' ]
5 info lifecycle math-expressions@1.0.0~prelint: math-expressions@1.0.0
6 silly lifecycle math-expressions@1.0.0~prelint: no script for prelint, continuing
7 info lifecycle math-expressions@1.0.0~lint: math-expressions@1.0.0
8 verbose lifecycle math-expressions@1.0.0~lint: unsafe-perm in lifecycle true
9 verbose lifecycle math-expressions@1.0.0~lint: PATH: C:\Program Files\nodejs\node_modules\npm\bin\node-gyp-bin;F:\repositories\math\node_modules\.bin;C:\xampp\php;C:\Program Files (x86)\Intel\iCLS Client\;C:\Program Files\Intel\iCLS Client\;C:\WINDOWS\system32;C:\WINDOWS;C:\WINDOWS\System32\Wbem;C:\WINDOWS\System32\WindowsPowerShell\v1.0\;C:\Program Files\Intel\Intel(R) Management Engine Components\DAL;C:\Program Files\Intel\Intel(R) Management Engine Components\IPT;C:\Program Files (x86)\Intel\Intel(R) Management Engine Components\DAL;C:\Program Files (x86)\Intel\Intel(R) Management Engine Components\IPT;C:\Program Files (x86)\GtkSharp\2.12\bin;C:\Program Files (x86)\Heroku\bin;C:\Program Files\Git\cmd;F:\repositories\movie-collector\ffmpeg\bin;C:\Program Files\nodejs\;C:\Program Files (x86)\NVIDIA Corporation\PhysX\Common;C:\ProgramData\ComposerSetup\bin;C:\Program Files (x86)\Skype\Phone\;%SystemRoot%\system32;%SystemRoot%;%SystemRoot%\System32\Wbem;%SYSTEMROOT%\System32\WindowsPowerShell\v1.0\;C:\Users\Autioch\AppData\Local\atom\bin;C:\Users\Autioch\AppData\Roaming\npm\node_modules;C:\Users\Autioch\AppData\Local\Microsoft\WindowsApps;C:\Users\Autioch\AppData\Roaming\npm;C:\xampp\php;C:\Users\Autioch\AppData\Roaming\Composer\vendor\bin;
10 verbose lifecycle math-expressions@1.0.0~lint: CWD: F:\repositories\math
11 silly lifecycle math-expressions@1.0.0~lint: Args: [ '/d /s /c', 'eslint ./src --ext .js --quiet --fix' ]
12 silly lifecycle math-expressions@1.0.0~lint: Returned: code: 1  signal: null
13 info lifecycle math-expressions@1.0.0~lint: Failed to exec lint script
14 verbose stack Error: math-expressions@1.0.0 lint: `eslint ./src --ext .js --quiet --fix`
14 verbose stack Exit status 1
14 verbose stack     at EventEmitter.<anonymous> (C:\Program Files\nodejs\node_modules\npm\lib\utils\lifecycle.js:255:16)
14 verbose stack     at emitTwo (events.js:106:13)
14 verbose stack     at EventEmitter.emit (events.js:191:7)
14 verbose stack     at ChildProcess.<anonymous> (C:\Program Files\nodejs\node_modules\npm\lib\utils\spawn.js:40:14)
14 verbose stack     at emitTwo (events.js:106:13)
14 verbose stack     at ChildProcess.emit (events.js:191:7)
14 verbose stack     at maybeClose (internal/child_process.js:877:16)
14 verbose stack     at Process.ChildProcess._handle.onexit (internal/child_process.js:226:5)
15 verbose pkgid math-expressions@1.0.0
16 verbose cwd F:\repositories\math
17 error Windows_NT 10.0.15063
18 error argv "C:\\Program Files\\nodejs\\node.exe" "C:\\Program Files\\nodejs\\node_modules\\npm\\bin\\npm-cli.js" "run" "lint"
19 error node v7.0.0
20 error npm  v3.10.8
21 error code ELIFECYCLE
22 error math-expressions@1.0.0 lint: `eslint ./src --ext .js --quiet --fix`
22 error Exit status 1
23 error Failed at the math-expressions@1.0.0 lint script 'eslint ./src --ext .js --quiet --fix'.
23 error Make sure you have the latest version of node.js and npm installed.
23 error If you do, this is most likely a problem with the math-expressions package,
23 error not with npm itself.
23 error Tell the author that this fails on your system:
23 error     eslint ./src --ext .js --quiet --fix
23 error You can get information on how to open an issue for this project with:
23 error     npm bugs math-expressions
23 error Or if that isn't available, you can get their info via:
23 error     npm owner ls math-expressions
23 error There is likely additional logging output above.
24 verbose exit [ 1, true ]
